<?xml version="1.0" encoding="UTF-8"?>
<testng-results skipped="0" failed="0" ignored="0" total="1" passed="1">
  <reporter-output>
  </reporter-output>
  <suite name="Default suite" duration-ms="44942" started-at="2019-01-03T06:37:20Z" finished-at="2019-01-03T06:38:05Z">
    <groups>
    </groups>
    <test name="Default test" duration-ms="44942" started-at="2019-01-03T06:37:20Z" finished-at="2019-01-03T06:38:05Z">
      <class name="com.training.sanity.tests.LoginforReturns_RTTC_018">
        <test-method status="PASS" signature="setUpBeforeClass()[pri:0, instance:com.training.sanity.tests.LoginforReturns_RTTC_018@4cc0edeb]" name="setUpBeforeClass" is-config="true" duration-ms="15" started-at="2019-01-03T12:07:20Z" finished-at="2019-01-03T12:07:20Z">
          <reporter-output>
          </reporter-output>
        </test-method> <!-- setUpBeforeClass -->
        <test-method status="PASS" signature="setUp()[pri:0, instance:com.training.sanity.tests.LoginforReturns_RTTC_018@4cc0edeb]" name="setUp" is-config="true" duration-ms="12534" started-at="2019-01-03T12:07:20Z" finished-at="2019-01-03T12:07:33Z">
          <reporter-output>
          </reporter-output>
        </test-method> <!-- setUp -->
        <test-method status="PASS" signature="returnsTest()[pri:0, instance:com.training.sanity.tests.LoginforReturns_RTTC_018@4cc0edeb]" name="returnsTest" duration-ms="30410" started-at="2019-01-03T12:07:33Z" finished-at="2019-01-03T12:08:03Z">
          <reporter-output>
          </reporter-output>
        </test-method> <!-- returnsTest -->
        <test-method status="PASS" signature="tearDown()[pri:0, instance:com.training.sanity.tests.LoginforReturns_RTTC_018@4cc0edeb]" name="tearDown" is-config="true" duration-ms="1982" started-at="2019-01-03T12:08:03Z" finished-at="2019-01-03T12:08:05Z">
          <reporter-output>
          </reporter-output>
        </test-method> <!-- tearDown -->
      </class> <!-- com.training.sanity.tests.LoginforReturns_RTTC_018 -->
    </test> <!-- Default test -->
  </suite> <!-- Default suite -->
</testng-results>
